<?xml version="1.0" encoding="UTF-8"?>
<testsuite xmlns:xsi="http://www.w3.org/2001/XMLSchema-instance" xsi:noNamespaceSchemaLocation="https://maven.apache.org/surefire/maven-surefire-plugin/xsd/surefire-test-report-3.0.xsd" version="3.0" name="com.bootcamp.northwind.NorthwindAppTests" time="9.739" tests="1" errors="0" skipped="0" failures="0">
  <properties>
[...]
</properties>
  <testcase name="contextLoads" classname="com.bootcamp.northwind.NorthwindAppTests" time="0.626">
    <system-out><![CDATA[14:46:35.592 [main] INFO org.springframework.test.context.support.AnnotationConfigContextLoaderUtils -- Could not detect default configuration classes for test class [com.bootcamp.northwind.NorthwindAppTests]: NorthwindAppTests does not declare any static, non-private, non-final, nested classes annotated with @Configuration.
14:46:35.729 [main] INFO org.springframework.boot.test.context.SpringBootTestContextBootstrapper -- Found @SpringBootConfiguration com.bootcamp.northwind.NorthwindApp for test class com.bootcamp.northwind.NorthwindAppTests

  .   ____          _            __ _ _
 /\\ / ___'_ __ _ _(_)_ __  __ _ \ \ \ \
( ( )\___ | '_ | '_| | '_ \/ _` | \ \ \ \
 \\/  ___)| |_)| | | | | || (_| |  ) ) ) )
  '  |____| .__|_| |_|_| |_\__, | / / / /
 =========|_|==============|___/=/_/_/_/
 :: Spring Boot ::                (v3.1.5)

2023-12-05T14:46:36.272+07:00  INFO 13272 --- [           main] c.bootcamp.northwind.NorthwindAppTests   : Starting NorthwindAppTests using Java 17.0.9 with PID 13272 (started by Sabilla.M.Rayhan in D:\mini-project\nortwind-app)
2023-12-05T14:46:36.274+07:00  INFO 13272 --- [           main] c.bootcamp.northwind.NorthwindAppTests   : No active profile set, falling back to 1 default profile: "default"
2023-12-05T14:46:38.177+07:00  INFO 13272 --- [           main] .s.d.r.c.RepositoryConfigurationDelegate : Bootstrapping Spring Data JPA repositories in DEFAULT mode.
2023-12-05T14:46:38.292+07:00  INFO 13272 --- [           main] .s.d.r.c.RepositoryConfigurationDelegate : Finished Spring Data repository scanning in 102 ms. Found 11 JPA repository interfaces.
2023-12-05T14:46:38.886+07:00  INFO 13272 --- [           main] o.hibernate.jpa.internal.util.LogHelper  : HHH000204: Processing PersistenceUnitInfo [name: default]
2023-12-05T14:46:38.961+07:00  INFO 13272 --- [           main] org.hibernate.Version                    : HHH000412: Hibernate ORM core version 6.2.13.Final
2023-12-05T14:46:38.964+07:00  INFO 13272 --- [           main] org.hibernate.cfg.Environment            : HHH000406: Using bytecode reflection optimizer
2023-12-05T14:46:39.339+07:00  INFO 13272 --- [           main] o.s.o.j.p.SpringPersistenceUnitInfo      : No LoadTimeWeaver setup: ignoring JPA class transformer
2023-12-05T14:46:39.380+07:00  INFO 13272 --- [           main] com.zaxxer.hikari.HikariDataSource       : HikariPool-1 - Starting...
2023-12-05T14:46:39.835+07:00  INFO 13272 --- [           main] com.zaxxer.hikari.pool.HikariPool        : HikariPool-1 - Added connection com.mysql.cj.jdbc.ConnectionImpl@6921cfa
2023-12-05T14:46:39.838+07:00  INFO 13272 --- [           main] com.zaxxer.hikari.HikariDataSource       : HikariPool-1 - Start completed.
2023-12-05T14:46:39.891+07:00  WARN 13272 --- [           main] org.hibernate.orm.deprecation            : HHH90000025: MySQL8Dialect does not need to be specified explicitly using 'hibernate.dialect' (remove the property setting and it will be selected by default)
2023-12-05T14:46:39.893+07:00  WARN 13272 --- [           main] org.hibernate.orm.deprecation            : HHH90000026: MySQL8Dialect has been deprecated; use org.hibernate.dialect.MySQLDialect instead
2023-12-05T14:46:41.385+07:00  INFO 13272 --- [           main] o.h.e.t.j.p.i.JtaPlatformInitiator       : HHH000489: No JTA platform available (set 'hibernate.transaction.jta.platform' to enable JTA platform integration)
Hibernate: 
    create table lookup_tab (
        id bigint not null auto_increment,
        lookup_active bit not null,
        lookup_code varchar(20) not null,
        lookup_group varchar(64) not null,
        lookup_name varchar(100) not null,
        lookup_position integer not null,
        primary key (id)
    ) engine=InnoDB
Hibernate: 
    create table tbl_category (
        category_id bigint not null auto_increment,
        description varchar(255),
        name varchar(255),
        primary key (category_id)
    ) engine=InnoDB
Hibernate: 
    create table tbl_customer (
        customer_id bigint not null auto_increment,
        address varchar(255),
        city varchar(255),
        company_name varchar(255),
        contact_name varchar(255),
        contact_title varchar(255),
        country varchar(255),
        fax varchar(255),
        phone varchar(255),
        postal_code varchar(255),
        region varchar(255),
        primary key (customer_id)
    ) engine=InnoDB
Hibernate: 
    create table tbl_customer_demo (
        id varchar(36) not null,
        costomer_type_id varchar(255),
        primary key (id)
    ) engine=InnoDB
Hibernate: 
    create table tbl_customer_demographics (
        id varchar(36) not null,
        description varchar(255),
        primary key (id)
    ) engine=InnoDB
Hibernate: 
    create table tbl_employee_teritories (
        id varchar(36) not null,
        employee_id varchar(36),
        territory_id varchar(36),
        primary key (id)
    ) engine=InnoDB
Hibernate: 
    create table tbl_employees (
        employees_id bigint not null auto_increment,
        address varchar(255),
        birth_date date,
        city varchar(255),
        country varchar(255),
        extension varchar(255),
        first_name varchar(255),
        hire_date date,
        home_phone varchar(255),
        last_name varchar(255),
        notes varchar(255),
        phone_path varchar(255),
        postal_code varchar(255),
        region varchar(255),
        reports_to varchar(255),
        title varchar(255),
        title_of_courtesy varchar(255),
        primary key (employees_id)
    ) engine=InnoDB
Hibernate: 
    create table tbl_order (
        order_id bigint not null,
        freight varchar(255),
        order_date date,
        required_date date,
        ship_address varchar(255),
        ship_city varchar(255),
        ship_country varchar(255),
        ship_name varchar(255),
        ship_postal_code varchar(255),
        ship_region varchar(255),
        ship_via varchar(255),
        shipped_date date,
        primary key (order_id)
    ) engine=InnoDB
Hibernate: 
    create table tbl_order_detail (
        id varchar(36) not null,
        discount varchar(255),
        order_id varchar(36),
        product_id varchar(36),
        quantity float(53),
        unit_price float(53),
        primary key (id)
    ) engine=InnoDB
Hibernate: 
    create table tbl_product (
        product_id bigint not null auto_increment,
        category_id bigint,
        discontinued varchar(255),
        name varchar(255),
        on_order varchar(255),
        quantity_per_unit float(53),
        reorder_level float(53),
        stock float(53),
        supplier_id bigint,
        unit_price float(53),
        primary key (product_id)
    ) engine=InnoDB
Hibernate: 
    create table tbl_region (
        id varchar(36) not null,
        description varchar(255),
        primary key (id)
    ) engine=InnoDB
Hibernate: 
    create table tbl_role (
        id varchar(36) not null,
        role_name varchar(32),
        primary key (id)
    ) engine=InnoDB
Hibernate: 
    create table tbl_shipper (
        id varchar(36) not null,
        company_name varchar(255),
        phone varchar(255),
        primary key (id)
    ) engine=InnoDB
Hibernate: 
    create table tbl_supplier (
        id bigint not null auto_increment,
        address varchar(255),
        city varchar(255),
        company_name varchar(255),
        contact_name varchar(255),
        contact_title varchar(255),
        country varchar(255),
        fax varchar(255),
        homepage varchar(255),
        phone varchar(255),
        postal_code varchar(255),
        region varchar(255),
        primary key (id)
    ) engine=InnoDB
Hibernate: 
    create table tbl_territories (
        id varchar(36) not null,
        description varchar(255),
        region_id varchar(255),
        primary key (id)
    ) engine=InnoDB
Hibernate: 
    create table tbl_us_states (
        id varchar(36) not null,
        state_abbr varchar(255),
        state_name varchar(255),
        state_region varchar(255),
        primary key (id)
    ) engine=InnoDB
Hibernate: 
    create table tbl_user (
        id varchar(36) not null,
        email varchar(128),
        first_name varchar(32),
        last_name varchar(32),
        password varchar(1028),
        username varchar(128),
        primary key (id)
    ) engine=InnoDB
Hibernate: 
    create table tbl_user_role (
        user_id varchar(36) not null,
        role_id varchar(36) not null
    ) engine=InnoDB
Hibernate: 
    alter table tbl_user 
       drop index UK_npn1wf1yu1g5rjohbek375pp1
Hibernate: 
    alter table tbl_user 
       add constraint UK_npn1wf1yu1g5rjohbek375pp1 unique (email)
Hibernate: 
    alter table tbl_user 
       drop index UK_k0bty7tbcye41jpxam88q5kj2
Hibernate: 
    alter table tbl_user 
       add constraint UK_k0bty7tbcye41jpxam88q5kj2 unique (username)
Hibernate: 
    alter table tbl_product 
       add constraint FKfq7110lh85cseoy13cgni7pet 
       foreign key (category_id) 
       references tbl_category (category_id)
Hibernate: 
    alter table tbl_product 
       add constraint FKsdc35hgvdgovtu1v96oyq4bbn 
       foreign key (supplier_id) 
       references tbl_supplier (id)
Hibernate: 
    alter table tbl_user_role 
       add constraint FK6phlytlf1w3h9vutsu019xor5 
       foreign key (role_id) 
       references tbl_role (id)
Hibernate: 
    alter table tbl_user_role 
       add constraint FKggc6wjqokl2vlw89y22a1j2oh 
       foreign key (user_id) 
       references tbl_user (id)
2023-12-05T14:46:42.044+07:00  INFO 13272 --- [           main] j.LocalContainerEntityManagerFactoryBean : Initialized JPA EntityManagerFactory for persistence unit 'default'
2023-12-05T14:46:42.730+07:00  WARN 13272 --- [           main] JpaBaseConfiguration$JpaWebConfiguration : spring.jpa.open-in-view is enabled by default. Therefore, database queries may be performed during view rendering. Explicitly configure spring.jpa.open-in-view to disable this warning
2023-12-05T14:46:42.849+07:00  INFO 13272 --- [           main] o.s.s.web.DefaultSecurityFilterChain     : Will secure any request with [org.springframework.security.web.session.DisableEncodeUrlFilter@3ad5f99, org.springframework.security.web.context.request.async.WebAsyncManagerIntegrationFilter@72b4ecb2, org.springframework.security.web.context.SecurityContextHolderFilter@33ccab9c, org.springframework.security.web.header.HeaderWriterFilter@5220e6ff, org.springframework.security.web.authentication.logout.LogoutFilter@51f31fad, org.springframework.security.web.authentication.UsernamePasswordAuthenticationFilter@38447073, org.springframework.security.web.savedrequest.RequestCacheAwareFilter@6c89c92e, org.springframework.security.web.servletapi.SecurityContextHolderAwareRequestFilter@50915d5, org.springframework.security.web.authentication.rememberme.RememberMeAuthenticationFilter@6b9b9cb9, org.springframework.security.web.authentication.AnonymousAuthenticationFilter@457dc809, org.springframework.security.web.access.ExceptionTranslationFilter@22b2d9e3, org.springframework.security.web.access.intercept.AuthorizationFilter@578483bd]
2023-12-05T14:46:43.511+07:00  INFO 13272 --- [           main] c.bootcamp.northwind.NorthwindAppTests   : Started NorthwindAppTests in 7.573 seconds (process running for 8.884)
2023-12-05T14:46:43.513+07:00  INFO 13272 --- [           main] c.b.northwind.config.DatabaseInit        : Database init is called ...!
Hibernate: 
    select
        count(*) 
    from
        tbl_role r1_0
Hibernate: 
    select
        r1_0.id,
        r1_0.role_name 
    from
        tbl_role r1_0 
    where
        r1_0.id=?
Hibernate: 
    select
        r1_0.id,
        r1_0.role_name 
    from
        tbl_role r1_0 
    where
        r1_0.id=?
Hibernate: 
    select
        r1_0.id,
        r1_0.role_name 
    from
        tbl_role r1_0 
    where
        r1_0.id=?
Hibernate: 
    insert 
    into
        tbl_role
        (role_name,id) 
    values
        (?,?)
Hibernate: 
    insert 
    into
        tbl_role
        (role_name,id) 
    values
        (?,?)
Hibernate: 
    insert 
    into
        tbl_role
        (role_name,id) 
    values
        (?,?)
2023-12-05T14:46:43.931+07:00  INFO 13272 --- [           main] c.b.northwind.config.DatabaseInit        : Save role success..!
Hibernate: 
    select
        count(*) 
    from
        tbl_user u1_0
Hibernate: 
    select
        r1_0.id,
        r1_0.role_name 
    from
        tbl_role r1_0 
    where
        r1_0.role_name=?
Hibernate: 
    select
        u1_0.id,
        u1_0.email,
        u1_0.first_name,
        u1_0.last_name,
        u1_0.password,
        u1_0.username,
        r1_0.user_id,
        r1_1.id,
        r1_1.role_name 
    from
        tbl_user u1_0 
    left join
        (tbl_user_role r1_0 
    join
        tbl_role r1_1 
            on r1_1.id=r1_0.role_id) 
                on u1_0.id=r1_0.user_id 
        where
            u1_0.id=?
Hibernate: 
    select
        r1_0.id,
        r1_0.role_name 
    from
        tbl_role r1_0 
    where
        r1_0.id=?
Hibernate: 
    insert 
    into
        tbl_user
        (email,first_name,last_name,password,username,id) 
    values
        (?,?,?,?,?,?)
Hibernate: 
    insert 
    into
        tbl_user_role
        (user_id,role_id) 
    values
        (?,?)
2023-12-05T14:46:44.213+07:00  INFO 13272 --- [           main] c.b.northwind.config.DatabaseInit        : Create admin role success..!
Hibernate: 
    select
        r1_0.id,
        r1_0.role_name 
    from
        tbl_role r1_0 
    where
        r1_0.role_name=?
Hibernate: 
    select
        u1_0.id,
        u1_0.email,
        u1_0.first_name,
        u1_0.last_name,
        u1_0.password,
        u1_0.username,
        r1_0.user_id,
        r1_1.id,
        r1_1.role_name 
    from
        tbl_user u1_0 
    left join
        (tbl_user_role r1_0 
    join
        tbl_role r1_1 
            on r1_1.id=r1_0.role_id) 
                on u1_0.id=r1_0.user_id 
        where
            u1_0.id=?
Hibernate: 
    select
        r1_0.id,
        r1_0.role_name 
    from
        tbl_role r1_0 
    where
        r1_0.id=?
Hibernate: 
    insert 
    into
        tbl_user
        (email,first_name,last_name,password,username,id) 
    values
        (?,?,?,?,?,?)
Hibernate: 
    insert 
    into
        tbl_user_role
        (user_id,role_id) 
    values
        (?,?)
2023-12-05T14:46:44.334+07:00  INFO 13272 --- [           main] c.b.northwind.config.DatabaseInit        : Create user role success..!
Hibernate: 
    select
        r1_0.id,
        r1_0.role_name 
    from
        tbl_role r1_0 
    where
        r1_0.role_name=?
Hibernate: 
    select
        u1_0.id,
        u1_0.email,
        u1_0.first_name,
        u1_0.last_name,
        u1_0.password,
        u1_0.username,
        r1_0.user_id,
        r1_1.id,
        r1_1.role_name 
    from
        tbl_user u1_0 
    left join
        (tbl_user_role r1_0 
    join
        tbl_role r1_1 
            on r1_1.id=r1_0.role_id) 
                on u1_0.id=r1_0.user_id 
        where
            u1_0.id=?
Hibernate: 
    select
        r1_0.id,
        r1_0.role_name 
    from
        tbl_role r1_0 
    where
        r1_0.id=?
Hibernate: 
    insert 
    into
        tbl_user
        (email,first_name,last_name,password,username,id) 
    values
        (?,?,?,?,?,?)
Hibernate: 
    insert 
    into
        tbl_user_role
        (user_id,role_id) 
    values
        (?,?)
2023-12-05T14:46:44.449+07:00  INFO 13272 --- [           main] c.b.northwind.config.DatabaseInit        : Create super user role success..!
Hibernate: 
    select
        l1_0.id,
        l1_0.lookup_active,
        l1_0.lookup_code,
        l1_0.lookup_group,
        l1_0.lookup_name,
        l1_0.lookup_position 
    from
        lookup_tab l1_0 
    where
        l1_0.lookup_group=?
Hibernate: 
    insert 
    into
        lookup_tab
        (lookup_active,lookup_code,lookup_group,lookup_name,lookup_position) 
    values
        (?,?,?,?,?)
Hibernate: 
    insert 
    into
        lookup_tab
        (lookup_active,lookup_code,lookup_group,lookup_name,lookup_position) 
    values
        (?,?,?,?,?)
Hibernate: 
    insert 
    into
        lookup_tab
        (lookup_active,lookup_code,lookup_group,lookup_name,lookup_position) 
    values
        (?,?,?,?,?)
Hibernate: 
    insert 
    into
        lookup_tab
        (lookup_active,lookup_code,lookup_group,lookup_name,lookup_position) 
    values
        (?,?,?,?,?)
Hibernate: 
    insert 
    into
        lookup_tab
        (lookup_active,lookup_code,lookup_group,lookup_name,lookup_position) 
    values
        (?,?,?,?,?)
]]></system-out>
  </testcase>
</testsuite>